<?xml version="1.0" encoding="UTF-8"?>
<!-- Generated by org.testng.reporters.JUnitReportReporter -->
<testsuite hostname="LAPTOP-I3ABMITL" name="testNG.SampleTestCase" tests="5" failures="0" timestamp="28 Apr 2021 12:53:20 GMT" time="0.001" errors="0">
  <testcase name="putThirdGear" time="0.000" classname="testNG.SampleTestCase"/>
  <testcase name="startTheCar" time="0.000" classname="testNG.SampleTestCase"/>
  <testcase name="putSecondGear" time="0.001" classname="testNG.SampleTestCase"/>
  <testcase name="turnTheMusicOn" time="0.000" classname="testNG.SampleTestCase"/>
  <testcase name="putFirstGear" time="0.000" classname="testNG.SampleTestCase"/>
</testsuite> <!-- testNG.SampleTestCase -->
