<?xml version="1.0" encoding="UTF-8"?>
<!-- Generated by org.testng.reporters.JUnitReportReporter -->
<testsuite hostname="LAPTOP-I3ABMITL" name="testNG.DependencyManagment" tests="3" failures="0" timestamp="28 Apr 2021 12:53:20 GMT" time="0.009" errors="0">
  <testcase name="engineering" time="0.000" classname="testNG.DependencyManagment"/>
  <testcase name="higherSecondary" time="0.000" classname="testNG.DependencyManagment"/>
  <testcase name="highSchool" time="0.009" classname="testNG.DependencyManagment"/>
</testsuite> <!-- testNG.DependencyManagment -->
