<?xml version="1.0" encoding="UTF-8"?>
<!-- Generated by org.testng.reporters.JUnitReportReporter -->
<testsuite hostname="LAPTOP-I3ABMITL" name="testNG.SampleTestCase2" tests="4" failures="0" timestamp="28 Apr 2021 12:53:20 GMT" time="0.002" errors="0">
  <testcase name="putThirdGear" time="0.000" classname="testNG.SampleTestCase2"/>
  <testcase name="putFirstGear" time="0.001" classname="testNG.SampleTestCase2"/>
  <testcase name="startTheCar" time="0.000" classname="testNG.SampleTestCase2"/>
  <testcase name="putSecondGear" time="0.001" classname="testNG.SampleTestCase2"/>
</testsuite> <!-- testNG.SampleTestCase2 -->
